2025-09-25 21:27:46 | INFO | {'message': 'I just tried an app! It was weird.', 'author': 'Eve', 'timestamp': '2025-09-25 21:27:46', 'category': 'other', 'sentiment': 0.46, 'keyword_mentioned': 'other', 'message_length': 34}
2025-09-25 21:27:51 | INFO | {'message': 'I just loved JavaScript! It was funny.', 'author': 'Alice', 'timestamp': '2025-09-25 21:27:51', 'category': 'tech', 'sentiment': 0.74, 'keyword_mentioned': 'JavaScript', 'message_length': 38}
2025-09-25 21:27:56 | INFO | {'message': 'I just loved recipe! It was boring.', 'author': 'Eve', 'timestamp': '2025-09-25 21:27:56', 'category': 'food', 'sentiment': 0.2, 'keyword_mentioned': 'recipe', 'message_length': 35}
2025-09-25 21:28:01 | INFO | {'message': 'I just found travel! It was exciting.', 'author': 'Charlie', 'timestamp': '2025-09-25 21:28:01', 'category': 'travel', 'sentiment': 0.22, 'keyword_mentioned': 'travel', 'message_length': 37}
2025-09-25 21:28:06 | INFO | {'message': 'I just shared a trick! It was boring.', 'author': 'Charlie', 'timestamp': '2025-09-25 21:28:06', 'category': 'other', 'sentiment': 0.65, 'keyword_mentioned': 'other', 'message_length': 37}
2025-09-25 21:28:11 | INFO | {'message': 'I just found recipe! It was amazing.', 'author': 'Eve', 'timestamp': '2025-09-25 21:28:11', 'category': 'food', 'sentiment': 0.57, 'keyword_mentioned': 'recipe', 'message_length': 36}
2025-09-25 21:28:16 | INFO | {'message': 'I just saw game! It was amazing.', 'author': 'Eve', 'timestamp': '2025-09-25 21:28:16', 'category': 'gaming', 'sentiment': 0.69, 'keyword_mentioned': 'game', 'message_length': 32}
2025-09-25 21:28:21 | INFO | {'message': 'I just shared a story! It was exciting.', 'author': 'Eve', 'timestamp': '2025-09-25 21:28:21', 'category': 'other', 'sentiment': 0.04, 'keyword_mentioned': 'other', 'message_length': 39}
2025-09-25 21:28:26 | INFO | Logging to file: logs/project_log.log
2025-09-25 21:28:26 | INFO | Log sanitization enabled, personal info removed
2025-09-25 21:28:26 | INFO | Starting Consumer to run continuously.
2025-09-25 21:28:26 | INFO | Things can fail or get interrupted, so use a try block.
2025-09-25 21:28:26 | INFO | Moved .env variables into a utils config module.
2025-09-25 21:28:26 | INFO | STEP 1. Read environment variables using new config functions.
2025-09-25 21:28:26 | INFO | MESSAGE_INTERVAL_SECONDS: 5
2025-09-25 21:28:26 | INFO | BASE_DATA_DIR: C:/Users/USER/Documents/44671/buzzline-05-dowdle/data
2025-09-25 21:28:26 | INFO | LIVE_DATA_PATH: C:/Users/USER/Documents/44671/buzzline-05-dowdle/data/project_live.json
2025-09-25 21:28:26 | INFO | BASE_DATA_DIR: C:/Users/USER/Documents/44671/buzzline-05-dowdle/data
2025-09-25 21:28:26 | INFO | SQLITE_PATH: C:/Users/USER/Documents/44671/buzzline-05-dowdle/data/buzz.sqlite
2025-09-25 21:28:26 | INFO | SUCCESS: Read environment variables.
2025-09-25 21:28:26 | INFO | STEP 2. Delete any prior database file for a fresh start.
2025-09-25 21:28:26 | INFO | SUCCESS: Deleted database file.
2025-09-25 21:28:26 | INFO | STEP 3. Initialize a new database with an empty table.
2025-09-25 21:28:26 | INFO | Calling SQLite init_db() with {db_path=}.
2025-09-25 21:28:26 | INFO | SUCCESS: Got a cursor to execute SQL.
2025-09-25 21:28:26 | INFO | {'message': 'I just tried an app! It was boring.', 'author': 'Eve', 'timestamp': '2025-09-25 21:28:26', 'category': 'other', 'sentiment': 0.61, 'keyword_mentioned': 'other', 'message_length': 35}
2025-09-25 21:28:26 | INFO | SUCCESS: Database initialized and table ready at C:/Users/USER/Documents/44671/buzzline-05-dowdle/data/buzz.sqlite.
2025-09-25 21:28:26 | INFO | STEP 4. Begin consuming and storing messages.
2025-09-25 21:28:26 | INFO | Called consume_messages_from_file() with:
2025-09-25 21:28:26 | INFO |    live_data_path=WindowsPath('C:/Users/USER/Documents/44671/buzzline-05-dowdle/data/project_live.json')
2025-09-25 21:28:26 | INFO |    sql_path=WindowsPath('C:/Users/USER/Documents/44671/buzzline-05-dowdle/data/buzz.sqlite')
2025-09-25 21:28:26 | INFO |    interval_secs=5
2025-09-25 21:28:26 | INFO |    last_position=0
2025-09-25 21:28:26 | INFO | 1. Initialize the database.
2025-09-25 21:28:26 | INFO | Calling SQLite init_db() with {db_path=}.
2025-09-25 21:28:26 | INFO | SUCCESS: Got a cursor to execute SQL.
2025-09-25 21:28:27 | INFO | SUCCESS: Database initialized and table ready at C:/Users/USER/Documents/44671/buzzline-05-dowdle/data/buzz.sqlite.
2025-09-25 21:28:27 | INFO | 2. Set the last position to 0 to start at the beginning of the file.
2025-09-25 21:28:27 | INFO | 3. Read from live data file at position 0.
2025-09-25 21:28:27 | INFO | Processed message: {'message': 'I just tried a trick! It was amazing.', 'author': 'Eve', 'timestamp': '2025-09-25 21:25:16', 'category': 'other', 'sentiment': 0.53, 'keyword_mentioned': 'other', 'message_length': 37}
2025-09-25 21:28:27 | INFO | Calling SQLite insert_message() with:
2025-09-25 21:28:27 | INFO | message={'message': 'I just tried a trick! It was amazing.', 'author': 'Eve', 'timestamp': '2025-09-25 21:25:16', 'category': 'other', 'sentiment': 0.53, 'keyword_mentioned': 'other', 'message_length': 37}
2025-09-25 21:28:27 | INFO | db_path=WindowsPath('C:/Users/USER/Documents/44671/buzzline-05-dowdle/data/buzz.sqlite')
2025-09-25 21:28:27 | INFO | Inserted one message into the database.
2025-09-25 21:28:27 | INFO | Processed message: {'message': 'I just shared travel! It was exciting.', 'author': 'Alice', 'timestamp': '2025-09-25 21:25:21', 'category': 'travel', 'sentiment': 0.54, 'keyword_mentioned': 'travel', 'message_length': 38}
2025-09-25 21:28:27 | INFO | Calling SQLite insert_message() with:
2025-09-25 21:28:27 | INFO | message={'message': 'I just shared travel! It was exciting.', 'author': 'Alice', 'timestamp': '2025-09-25 21:25:21', 'category': 'travel', 'sentiment': 0.54, 'keyword_mentioned': 'travel', 'message_length': 38}
2025-09-25 21:28:27 | INFO | db_path=WindowsPath('C:/Users/USER/Documents/44671/buzzline-05-dowdle/data/buzz.sqlite')
2025-09-25 21:28:27 | INFO | Inserted one message into the database.
2025-09-25 21:28:27 | INFO | Processed message: {'message': 'I just shared a story! It was funny.', 'author': 'Charlie', 'timestamp': '2025-09-25 21:25:26', 'category': 'other', 'sentiment': 0.2, 'keyword_mentioned': 'other', 'message_length': 36}
2025-09-25 21:28:27 | INFO | Calling SQLite insert_message() with:
2025-09-25 21:28:27 | INFO | message={'message': 'I just shared a story! It was funny.', 'author': 'Charlie', 'timestamp': '2025-09-25 21:25:26', 'category': 'other', 'sentiment': 0.2, 'keyword_mentioned': 'other', 'message_length': 36}
2025-09-25 21:28:27 | INFO | db_path=WindowsPath('C:/Users/USER/Documents/44671/buzzline-05-dowdle/data/buzz.sqlite')
2025-09-25 21:28:27 | INFO | Inserted one message into the database.
2025-09-25 21:28:27 | INFO | Processed message: {'message': 'I just saw a meme! It was weird.', 'author': 'Alice', 'timestamp': '2025-09-25 21:25:31', 'category': 'humor', 'sentiment': 0.06, 'keyword_mentioned': 'meme', 'message_length': 32}
2025-09-25 21:28:27 | INFO | Calling SQLite insert_message() with:
2025-09-25 21:28:27 | INFO | message={'message': 'I just saw a meme! It was weird.', 'author': 'Alice', 'timestamp': '2025-09-25 21:25:31', 'category': 'humor', 'sentiment': 0.06, 'keyword_mentioned': 'meme', 'message_length': 32}
2025-09-25 21:28:27 | INFO | db_path=WindowsPath('C:/Users/USER/Documents/44671/buzzline-05-dowdle/data/buzz.sqlite')
2025-09-25 21:28:27 | INFO | Inserted one message into the database.
2025-09-25 21:28:27 | INFO | Processed message: {'message': 'I just tried a meme! It was weird.', 'author': 'Bob', 'timestamp': '2025-09-25 21:25:36', 'category': 'humor', 'sentiment': 0.68, 'keyword_mentioned': 'meme', 'message_length': 34}
2025-09-25 21:28:27 | INFO | Calling SQLite insert_message() with:
2025-09-25 21:28:27 | INFO | message={'message': 'I just tried a meme! It was weird.', 'author': 'Bob', 'timestamp': '2025-09-25 21:25:36', 'category': 'humor', 'sentiment': 0.68, 'keyword_mentioned': 'meme', 'message_length': 34}
2025-09-25 21:28:27 | INFO | db_path=WindowsPath('C:/Users/USER/Documents/44671/buzzline-05-dowdle/data/buzz.sqlite')
2025-09-25 21:28:27 | INFO | Inserted one message into the database.
2025-09-25 21:28:27 | INFO | Processed message: {'message': 'I just loved a story! It was exciting.', 'author': 'Eve', 'timestamp': '2025-09-25 21:25:41', 'category': 'other', 'sentiment': 0.2, 'keyword_mentioned': 'other', 'message_length': 38}
2025-09-25 21:28:27 | INFO | Calling SQLite insert_message() with:
2025-09-25 21:28:27 | INFO | message={'message': 'I just loved a story! It was exciting.', 'author': 'Eve', 'timestamp': '2025-09-25 21:25:41', 'category': 'other', 'sentiment': 0.2, 'keyword_mentioned': 'other', 'message_length': 38}
2025-09-25 21:28:27 | INFO | db_path=WindowsPath('C:/Users/USER/Documents/44671/buzzline-05-dowdle/data/buzz.sqlite')
2025-09-25 21:28:27 | INFO | Inserted one message into the database.
2025-09-25 21:28:27 | INFO | Processed message: {'message': 'I just saw travel! It was boring.', 'author': 'Charlie', 'timestamp': '2025-09-25 21:25:46', 'category': 'travel', 'sentiment': 0.0, 'keyword_mentioned': 'travel', 'message_length': 33}
2025-09-25 21:28:27 | INFO | Calling SQLite insert_message() with:
2025-09-25 21:28:27 | INFO | message={'message': 'I just saw travel! It was boring.', 'author': 'Charlie', 'timestamp': '2025-09-25 21:25:46', 'category': 'travel', 'sentiment': 0.0, 'keyword_mentioned': 'travel', 'message_length': 33}
2025-09-25 21:28:27 | INFO | db_path=WindowsPath('C:/Users/USER/Documents/44671/buzzline-05-dowdle/data/buzz.sqlite')
2025-09-25 21:28:27 | INFO | Inserted one message into the database.
2025-09-25 21:28:27 | INFO | Processed message: {'message': 'I just saw JavaScript! It was exciting.', 'author': 'Bob', 'timestamp': '2025-09-25 21:25:51', 'category': 'tech', 'sentiment': 0.12, 'keyword_mentioned': 'JavaScript', 'message_length': 39}
2025-09-25 21:28:27 | INFO | Calling SQLite insert_message() with:
2025-09-25 21:28:27 | INFO | message={'message': 'I just saw JavaScript! It was exciting.', 'author': 'Bob', 'timestamp': '2025-09-25 21:25:51', 'category': 'tech', 'sentiment': 0.12, 'keyword_mentioned': 'JavaScript', 'message_length': 39}
2025-09-25 21:28:27 | INFO | db_path=WindowsPath('C:/Users/USER/Documents/44671/buzzline-05-dowdle/data/buzz.sqlite')
2025-09-25 21:28:27 | INFO | Inserted one message into the database.
2025-09-25 21:28:27 | INFO | Processed message: {'message': 'I just found an app! It was boring.', 'author': 'Charlie', 'timestamp': '2025-09-25 21:25:56', 'category': 'other', 'sentiment': 0.0, 'keyword_mentioned': 'other', 'message_length': 35}
2025-09-25 21:28:27 | INFO | Calling SQLite insert_message() with:
2025-09-25 21:28:27 | INFO | message={'message': 'I just found an app! It was boring.', 'author': 'Charlie', 'timestamp': '2025-09-25 21:25:56', 'category': 'other', 'sentiment': 0.0, 'keyword_mentioned': 'other', 'message_length': 35}
2025-09-25 21:28:27 | INFO | db_path=WindowsPath('C:/Users/USER/Documents/44671/buzzline-05-dowdle/data/buzz.sqlite')
2025-09-25 21:28:27 | INFO | Inserted one message into the database.
2025-09-25 21:28:27 | INFO | Processed message: {'message': 'I just tried a story! It was funny.', 'author': 'Charlie', 'timestamp': '2025-09-25 21:26:01', 'category': 'other', 'sentiment': 0.26, 'keyword_mentioned': 'other', 'message_length': 35}
2025-09-25 21:28:27 | INFO | Calling SQLite insert_message() with:
2025-09-25 21:28:27 | INFO | message={'message': 'I just tried a story! It was funny.', 'author': 'Charlie', 'timestamp': '2025-09-25 21:26:01', 'category': 'other', 'sentiment': 0.26, 'keyword_mentioned': 'other', 'message_length': 35}
2025-09-25 21:28:27 | INFO | db_path=WindowsPath('C:/Users/USER/Documents/44671/buzzline-05-dowdle/data/buzz.sqlite')
2025-09-25 21:28:27 | INFO | Inserted one message into the database.
2025-09-25 21:28:27 | INFO | Processed message: {'message': 'I just saw game! It was boring.', 'author': 'Charlie', 'timestamp': '2025-09-25 21:26:06', 'category': 'gaming', 'sentiment': 0.81, 'keyword_mentioned': 'game', 'message_length': 31}
2025-09-25 21:28:27 | INFO | Calling SQLite insert_message() with:
2025-09-25 21:28:27 | INFO | message={'message': 'I just saw game! It was boring.', 'author': 'Charlie', 'timestamp': '2025-09-25 21:26:06', 'category': 'gaming', 'sentiment': 0.81, 'keyword_mentioned': 'game', 'message_length': 31}
2025-09-25 21:28:27 | INFO | db_path=WindowsPath('C:/Users/USER/Documents/44671/buzzline-05-dowdle/data/buzz.sqlite')
2025-09-25 21:28:27 | INFO | Inserted one message into the database.
2025-09-25 21:28:27 | INFO | Processed message: {'message': 'I just saw travel! It was amazing.', 'author': 'Eve', 'timestamp': '2025-09-25 21:26:11', 'category': 'travel', 'sentiment': 0.65, 'keyword_mentioned': 'travel', 'message_length': 34}
2025-09-25 21:28:27 | INFO | Calling SQLite insert_message() with:
2025-09-25 21:28:27 | INFO | message={'message': 'I just saw travel! It was amazing.', 'author': 'Eve', 'timestamp': '2025-09-25 21:26:11', 'category': 'travel', 'sentiment': 0.65, 'keyword_mentioned': 'travel', 'message_length': 34}
2025-09-25 21:28:27 | INFO | db_path=WindowsPath('C:/Users/USER/Documents/44671/buzzline-05-dowdle/data/buzz.sqlite')
2025-09-25 21:28:27 | INFO | Inserted one message into the database.
2025-09-25 21:28:27 | INFO | Processed message: {'message': 'I just tried travel! It was funny.', 'author': 'Charlie', 'timestamp': '2025-09-25 21:26:16', 'category': 'travel', 'sentiment': 0.48, 'keyword_mentioned': 'travel', 'message_length': 34}
2025-09-25 21:28:27 | INFO | Calling SQLite insert_message() with:
2025-09-25 21:28:27 | INFO | message={'message': 'I just tried travel! It was funny.', 'author': 'Charlie', 'timestamp': '2025-09-25 21:26:16', 'category': 'travel', 'sentiment': 0.48, 'keyword_mentioned': 'travel', 'message_length': 34}
2025-09-25 21:28:27 | INFO | db_path=WindowsPath('C:/Users/USER/Documents/44671/buzzline-05-dowdle/data/buzz.sqlite')
2025-09-25 21:28:27 | INFO | Inserted one message into the database.
2025-09-25 21:28:27 | INFO | Processed message: {'message': 'I just loved Python! It was boring.', 'author': 'Alice', 'timestamp': '2025-09-25 21:26:21', 'category': 'tech', 'sentiment': 0.73, 'keyword_mentioned': 'Python', 'message_length': 35}
2025-09-25 21:28:27 | INFO | Calling SQLite insert_message() with:
2025-09-25 21:28:27 | INFO | message={'message': 'I just loved Python! It was boring.', 'author': 'Alice', 'timestamp': '2025-09-25 21:26:21', 'category': 'tech', 'sentiment': 0.73, 'keyword_mentioned': 'Python', 'message_length': 35}
2025-09-25 21:28:27 | INFO | db_path=WindowsPath('C:/Users/USER/Documents/44671/buzzline-05-dowdle/data/buzz.sqlite')
2025-09-25 21:28:27 | INFO | Inserted one message into the database.
2025-09-25 21:28:27 | INFO | Processed message: {'message': 'I just tried game! It was amazing.', 'author': 'Eve', 'timestamp': '2025-09-25 21:26:26', 'category': 'gaming', 'sentiment': 0.17, 'keyword_mentioned': 'game', 'message_length': 34}
2025-09-25 21:28:27 | INFO | Calling SQLite insert_message() with:
2025-09-25 21:28:27 | INFO | message={'message': 'I just tried game! It was amazing.', 'author': 'Eve', 'timestamp': '2025-09-25 21:26:26', 'category': 'gaming', 'sentiment': 0.17, 'keyword_mentioned': 'game', 'message_length': 34}
2025-09-25 21:28:27 | INFO | db_path=WindowsPath('C:/Users/USER/Documents/44671/buzzline-05-dowdle/data/buzz.sqlite')
2025-09-25 21:28:27 | INFO | Inserted one message into the database.
2025-09-25 21:28:27 | INFO | Processed message: {'message': 'I just tried game! It was amazing.', 'author': 'Alice', 'timestamp': '2025-09-25 21:26:31', 'category': 'gaming', 'sentiment': 0.79, 'keyword_mentioned': 'game', 'message_length': 34}
2025-09-25 21:28:27 | INFO | Calling SQLite insert_message() with:
2025-09-25 21:28:27 | INFO | message={'message': 'I just tried game! It was amazing.', 'author': 'Alice', 'timestamp': '2025-09-25 21:26:31', 'category': 'gaming', 'sentiment': 0.79, 'keyword_mentioned': 'game', 'message_length': 34}
2025-09-25 21:28:27 | INFO | db_path=WindowsPath('C:/Users/USER/Documents/44671/buzzline-05-dowdle/data/buzz.sqlite')
2025-09-25 21:28:27 | INFO | Inserted one message into the database.
2025-09-25 21:28:27 | INFO | Processed message: {'message': 'I just saw an app! It was weird.', 'author': 'Charlie', 'timestamp': '2025-09-25 21:26:36', 'category': 'other', 'sentiment': 0.73, 'keyword_mentioned': 'other', 'message_length': 32}
2025-09-25 21:28:27 | INFO | Calling SQLite insert_message() with:
2025-09-25 21:28:27 | INFO | message={'message': 'I just saw an app! It was weird.', 'author': 'Charlie', 'timestamp': '2025-09-25 21:26:36', 'category': 'other', 'sentiment': 0.73, 'keyword_mentioned': 'other', 'message_length': 32}
2025-09-25 21:28:27 | INFO | db_path=WindowsPath('C:/Users/USER/Documents/44671/buzzline-05-dowdle/data/buzz.sqlite')
2025-09-25 21:28:27 | INFO | Inserted one message into the database.
2025-09-25 21:28:27 | INFO | Processed message: {'message': 'I just found an app! It was amazing.', 'author': 'Eve', 'timestamp': '2025-09-25 21:26:41', 'category': 'other', 'sentiment': 0.81, 'keyword_mentioned': 'other', 'message_length': 36}
2025-09-25 21:28:27 | INFO | Calling SQLite insert_message() with:
2025-09-25 21:28:27 | INFO | message={'message': 'I just found an app! It was amazing.', 'author': 'Eve', 'timestamp': '2025-09-25 21:26:41', 'category': 'other', 'sentiment': 0.81, 'keyword_mentioned': 'other', 'message_length': 36}
2025-09-25 21:28:27 | INFO | db_path=WindowsPath('C:/Users/USER/Documents/44671/buzzline-05-dowdle/data/buzz.sqlite')
2025-09-25 21:28:27 | INFO | Inserted one message into the database.
2025-09-25 21:28:27 | INFO | Processed message: {'message': 'I just found Python! It was boring.', 'author': 'Eve', 'timestamp': '2025-09-25 21:26:46', 'category': 'tech', 'sentiment': 0.7, 'keyword_mentioned': 'Python', 'message_length': 35}
2025-09-25 21:28:27 | INFO | Calling SQLite insert_message() with:
2025-09-25 21:28:27 | INFO | message={'message': 'I just found Python! It was boring.', 'author': 'Eve', 'timestamp': '2025-09-25 21:26:46', 'category': 'tech', 'sentiment': 0.7, 'keyword_mentioned': 'Python', 'message_length': 35}
2025-09-25 21:28:27 | INFO | db_path=WindowsPath('C:/Users/USER/Documents/44671/buzzline-05-dowdle/data/buzz.sqlite')
2025-09-25 21:28:27 | INFO | Inserted one message into the database.
2025-09-25 21:28:27 | INFO | Processed message: {'message': 'I just shared a story! It was boring.', 'author': 'Eve', 'timestamp': '2025-09-25 21:26:51', 'category': 'other', 'sentiment': 0.89, 'keyword_mentioned': 'other', 'message_length': 37}
2025-09-25 21:28:27 | INFO | Calling SQLite insert_message() with:
2025-09-25 21:28:27 | INFO | message={'message': 'I just shared a story! It was boring.', 'author': 'Eve', 'timestamp': '2025-09-25 21:26:51', 'category': 'other', 'sentiment': 0.89, 'keyword_mentioned': 'other', 'message_length': 37}
2025-09-25 21:28:27 | INFO | db_path=WindowsPath('C:/Users/USER/Documents/44671/buzzline-05-dowdle/data/buzz.sqlite')
2025-09-25 21:28:27 | INFO | Inserted one message into the database.
2025-09-25 21:28:27 | INFO | Processed message: {'message': 'I just tried an app! It was weird.', 'author': 'Eve', 'timestamp': '2025-09-25 21:26:56', 'category': 'other', 'sentiment': 0.8, 'keyword_mentioned': 'other', 'message_length': 34}
2025-09-25 21:28:27 | INFO | Calling SQLite insert_message() with:
2025-09-25 21:28:27 | INFO | message={'message': 'I just tried an app! It was weird.', 'author': 'Eve', 'timestamp': '2025-09-25 21:26:56', 'category': 'other', 'sentiment': 0.8, 'keyword_mentioned': 'other', 'message_length': 34}
2025-09-25 21:28:27 | INFO | db_path=WindowsPath('C:/Users/USER/Documents/44671/buzzline-05-dowdle/data/buzz.sqlite')
2025-09-25 21:28:27 | INFO | Inserted one message into the database.
2025-09-25 21:28:27 | INFO | Processed message: {'message': 'I just saw a story! It was funny.', 'author': 'Bob', 'timestamp': '2025-09-25 21:27:01', 'category': 'other', 'sentiment': 0.99, 'keyword_mentioned': 'other', 'message_length': 33}
2025-09-25 21:28:27 | INFO | Calling SQLite insert_message() with:
2025-09-25 21:28:27 | INFO | message={'message': 'I just saw a story! It was funny.', 'author': 'Bob', 'timestamp': '2025-09-25 21:27:01', 'category': 'other', 'sentiment': 0.99, 'keyword_mentioned': 'other', 'message_length': 33}
2025-09-25 21:28:27 | INFO | db_path=WindowsPath('C:/Users/USER/Documents/44671/buzzline-05-dowdle/data/buzz.sqlite')
2025-09-25 21:28:27 | INFO | Inserted one message into the database.
2025-09-25 21:28:27 | INFO | Processed message: {'message': 'I just found Python! It was weird.', 'author': 'Charlie', 'timestamp': '2025-09-25 21:27:06', 'category': 'tech', 'sentiment': 0.88, 'keyword_mentioned': 'Python', 'message_length': 34}
2025-09-25 21:28:27 | INFO | Calling SQLite insert_message() with:
2025-09-25 21:28:27 | INFO | message={'message': 'I just found Python! It was weird.', 'author': 'Charlie', 'timestamp': '2025-09-25 21:27:06', 'category': 'tech', 'sentiment': 0.88, 'keyword_mentioned': 'Python', 'message_length': 34}
2025-09-25 21:28:28 | INFO | db_path=WindowsPath('C:/Users/USER/Documents/44671/buzzline-05-dowdle/data/buzz.sqlite')
2025-09-25 21:28:28 | INFO | Inserted one message into the database.
2025-09-25 21:28:28 | INFO | Processed message: {'message': 'I just shared recipe! It was exciting.', 'author': 'Charlie', 'timestamp': '2025-09-25 21:27:11', 'category': 'food', 'sentiment': 0.59, 'keyword_mentioned': 'recipe', 'message_length': 38}
2025-09-25 21:28:28 | INFO | Calling SQLite insert_message() with:
2025-09-25 21:28:28 | INFO | message={'message': 'I just shared recipe! It was exciting.', 'author': 'Charlie', 'timestamp': '2025-09-25 21:27:11', 'category': 'food', 'sentiment': 0.59, 'keyword_mentioned': 'recipe', 'message_length': 38}
2025-09-25 21:28:28 | INFO | db_path=WindowsPath('C:/Users/USER/Documents/44671/buzzline-05-dowdle/data/buzz.sqlite')
2025-09-25 21:28:28 | INFO | Inserted one message into the database.
2025-09-25 21:28:28 | INFO | Processed message: {'message': 'I just found travel! It was weird.', 'author': 'Charlie', 'timestamp': '2025-09-25 21:27:16', 'category': 'travel', 'sentiment': 0.5, 'keyword_mentioned': 'travel', 'message_length': 34}
2025-09-25 21:28:28 | INFO | Calling SQLite insert_message() with:
2025-09-25 21:28:28 | INFO | message={'message': 'I just found travel! It was weird.', 'author': 'Charlie', 'timestamp': '2025-09-25 21:27:16', 'category': 'travel', 'sentiment': 0.5, 'keyword_mentioned': 'travel', 'message_length': 34}
2025-09-25 21:28:28 | INFO | db_path=WindowsPath('C:/Users/USER/Documents/44671/buzzline-05-dowdle/data/buzz.sqlite')
2025-09-25 21:28:28 | INFO | Inserted one message into the database.
2025-09-25 21:28:28 | INFO | Processed message: {'message': 'I just saw JavaScript! It was weird.', 'author': 'Alice', 'timestamp': '2025-09-25 21:27:21', 'category': 'tech', 'sentiment': 0.63, 'keyword_mentioned': 'JavaScript', 'message_length': 36}
2025-09-25 21:28:28 | INFO | Calling SQLite insert_message() with:
2025-09-25 21:28:28 | INFO | message={'message': 'I just saw JavaScript! It was weird.', 'author': 'Alice', 'timestamp': '2025-09-25 21:27:21', 'category': 'tech', 'sentiment': 0.63, 'keyword_mentioned': 'JavaScript', 'message_length': 36}
2025-09-25 21:28:28 | INFO | db_path=WindowsPath('C:/Users/USER/Documents/44671/buzzline-05-dowdle/data/buzz.sqlite')
2025-09-25 21:28:28 | INFO | Inserted one message into the database.
2025-09-25 21:28:28 | INFO | Processed message: {'message': 'I just shared a movie! It was boring.', 'author': 'Alice', 'timestamp': '2025-09-25 21:27:26', 'category': 'entertainment', 'sentiment': 0.28, 'keyword_mentioned': 'movie', 'message_length': 37}
2025-09-25 21:28:28 | INFO | Calling SQLite insert_message() with:
2025-09-25 21:28:28 | INFO | message={'message': 'I just shared a movie! It was boring.', 'author': 'Alice', 'timestamp': '2025-09-25 21:27:26', 'category': 'entertainment', 'sentiment': 0.28, 'keyword_mentioned': 'movie', 'message_length': 37}
2025-09-25 21:28:28 | INFO | db_path=WindowsPath('C:/Users/USER/Documents/44671/buzzline-05-dowdle/data/buzz.sqlite')
2025-09-25 21:28:28 | INFO | Inserted one message into the database.
2025-09-25 21:28:28 | INFO | Processed message: {'message': 'I just tried a story! It was funny.', 'author': 'Bob', 'timestamp': '2025-09-25 21:27:31', 'category': 'other', 'sentiment': 0.0, 'keyword_mentioned': 'other', 'message_length': 35}
2025-09-25 21:28:28 | INFO | Calling SQLite insert_message() with:
2025-09-25 21:28:28 | INFO | message={'message': 'I just tried a story! It was funny.', 'author': 'Bob', 'timestamp': '2025-09-25 21:27:31', 'category': 'other', 'sentiment': 0.0, 'keyword_mentioned': 'other', 'message_length': 35}
2025-09-25 21:28:28 | INFO | db_path=WindowsPath('C:/Users/USER/Documents/44671/buzzline-05-dowdle/data/buzz.sqlite')
2025-09-25 21:28:28 | INFO | Inserted one message into the database.
2025-09-25 21:28:28 | INFO | Processed message: {'message': 'I just tried a trick! It was boring.', 'author': 'Eve', 'timestamp': '2025-09-25 21:27:36', 'category': 'other', 'sentiment': 0.17, 'keyword_mentioned': 'other', 'message_length': 36}
2025-09-25 21:28:28 | INFO | Calling SQLite insert_message() with:
2025-09-25 21:28:28 | INFO | message={'message': 'I just tried a trick! It was boring.', 'author': 'Eve', 'timestamp': '2025-09-25 21:27:36', 'category': 'other', 'sentiment': 0.17, 'keyword_mentioned': 'other', 'message_length': 36}
2025-09-25 21:28:28 | INFO | db_path=WindowsPath('C:/Users/USER/Documents/44671/buzzline-05-dowdle/data/buzz.sqlite')
2025-09-25 21:28:28 | INFO | Inserted one message into the database.
2025-09-25 21:28:28 | INFO | Processed message: {'message': 'I just loved Python! It was weird.', 'author': 'Alice', 'timestamp': '2025-09-25 21:27:41', 'category': 'tech', 'sentiment': 0.18, 'keyword_mentioned': 'Python', 'message_length': 34}
2025-09-25 21:28:28 | INFO | Calling SQLite insert_message() with:
2025-09-25 21:28:28 | INFO | message={'message': 'I just loved Python! It was weird.', 'author': 'Alice', 'timestamp': '2025-09-25 21:27:41', 'category': 'tech', 'sentiment': 0.18, 'keyword_mentioned': 'Python', 'message_length': 34}
2025-09-25 21:28:28 | INFO | db_path=WindowsPath('C:/Users/USER/Documents/44671/buzzline-05-dowdle/data/buzz.sqlite')
2025-09-25 21:28:28 | INFO | Inserted one message into the database.
2025-09-25 21:28:28 | INFO | Processed message: {'message': 'I just tried an app! It was weird.', 'author': 'Eve', 'timestamp': '2025-09-25 21:27:46', 'category': 'other', 'sentiment': 0.46, 'keyword_mentioned': 'other', 'message_length': 34}
2025-09-25 21:28:28 | INFO | Calling SQLite insert_message() with:
2025-09-25 21:28:28 | INFO | message={'message': 'I just tried an app! It was weird.', 'author': 'Eve', 'timestamp': '2025-09-25 21:27:46', 'category': 'other', 'sentiment': 0.46, 'keyword_mentioned': 'other', 'message_length': 34}
2025-09-25 21:28:28 | INFO | db_path=WindowsPath('C:/Users/USER/Documents/44671/buzzline-05-dowdle/data/buzz.sqlite')
2025-09-25 21:28:28 | INFO | Inserted one message into the database.
2025-09-25 21:28:28 | INFO | Processed message: {'message': 'I just loved JavaScript! It was funny.', 'author': 'Alice', 'timestamp': '2025-09-25 21:27:51', 'category': 'tech', 'sentiment': 0.74, 'keyword_mentioned': 'JavaScript', 'message_length': 38}
2025-09-25 21:28:28 | INFO | Calling SQLite insert_message() with:
2025-09-25 21:28:28 | INFO | message={'message': 'I just loved JavaScript! It was funny.', 'author': 'Alice', 'timestamp': '2025-09-25 21:27:51', 'category': 'tech', 'sentiment': 0.74, 'keyword_mentioned': 'JavaScript', 'message_length': 38}
2025-09-25 21:28:28 | INFO | db_path=WindowsPath('C:/Users/USER/Documents/44671/buzzline-05-dowdle/data/buzz.sqlite')
2025-09-25 21:28:28 | INFO | Inserted one message into the database.
2025-09-25 21:28:28 | INFO | Processed message: {'message': 'I just loved recipe! It was boring.', 'author': 'Eve', 'timestamp': '2025-09-25 21:27:56', 'category': 'food', 'sentiment': 0.2, 'keyword_mentioned': 'recipe', 'message_length': 35}
2025-09-25 21:28:28 | INFO | Calling SQLite insert_message() with:
2025-09-25 21:28:28 | INFO | message={'message': 'I just loved recipe! It was boring.', 'author': 'Eve', 'timestamp': '2025-09-25 21:27:56', 'category': 'food', 'sentiment': 0.2, 'keyword_mentioned': 'recipe', 'message_length': 35}
2025-09-25 21:28:28 | INFO | db_path=WindowsPath('C:/Users/USER/Documents/44671/buzzline-05-dowdle/data/buzz.sqlite')
2025-09-25 21:28:28 | INFO | Inserted one message into the database.
2025-09-25 21:28:28 | INFO | Processed message: {'message': 'I just found travel! It was exciting.', 'author': 'Charlie', 'timestamp': '2025-09-25 21:28:01', 'category': 'travel', 'sentiment': 0.22, 'keyword_mentioned': 'travel', 'message_length': 37}
2025-09-25 21:28:28 | INFO | Calling SQLite insert_message() with:
2025-09-25 21:28:28 | INFO | message={'message': 'I just found travel! It was exciting.', 'author': 'Charlie', 'timestamp': '2025-09-25 21:28:01', 'category': 'travel', 'sentiment': 0.22, 'keyword_mentioned': 'travel', 'message_length': 37}
2025-09-25 21:28:28 | INFO | db_path=WindowsPath('C:/Users/USER/Documents/44671/buzzline-05-dowdle/data/buzz.sqlite')
2025-09-25 21:28:28 | INFO | Inserted one message into the database.
2025-09-25 21:28:28 | INFO | Processed message: {'message': 'I just shared a trick! It was boring.', 'author': 'Charlie', 'timestamp': '2025-09-25 21:28:06', 'category': 'other', 'sentiment': 0.65, 'keyword_mentioned': 'other', 'message_length': 37}
2025-09-25 21:28:28 | INFO | Calling SQLite insert_message() with:
2025-09-25 21:28:28 | INFO | message={'message': 'I just shared a trick! It was boring.', 'author': 'Charlie', 'timestamp': '2025-09-25 21:28:06', 'category': 'other', 'sentiment': 0.65, 'keyword_mentioned': 'other', 'message_length': 37}
2025-09-25 21:28:28 | INFO | db_path=WindowsPath('C:/Users/USER/Documents/44671/buzzline-05-dowdle/data/buzz.sqlite')
2025-09-25 21:28:28 | INFO | Inserted one message into the database.
2025-09-25 21:28:28 | INFO | Processed message: {'message': 'I just found recipe! It was amazing.', 'author': 'Eve', 'timestamp': '2025-09-25 21:28:11', 'category': 'food', 'sentiment': 0.57, 'keyword_mentioned': 'recipe', 'message_length': 36}
2025-09-25 21:28:28 | INFO | Calling SQLite insert_message() with:
2025-09-25 21:28:28 | INFO | message={'message': 'I just found recipe! It was amazing.', 'author': 'Eve', 'timestamp': '2025-09-25 21:28:11', 'category': 'food', 'sentiment': 0.57, 'keyword_mentioned': 'recipe', 'message_length': 36}
2025-09-25 21:28:28 | INFO | db_path=WindowsPath('C:/Users/USER/Documents/44671/buzzline-05-dowdle/data/buzz.sqlite')
2025-09-25 21:28:28 | INFO | Inserted one message into the database.
2025-09-25 21:28:28 | INFO | Processed message: {'message': 'I just saw game! It was amazing.', 'author': 'Eve', 'timestamp': '2025-09-25 21:28:16', 'category': 'gaming', 'sentiment': 0.69, 'keyword_mentioned': 'game', 'message_length': 32}
2025-09-25 21:28:28 | INFO | Calling SQLite insert_message() with:
2025-09-25 21:28:28 | INFO | message={'message': 'I just saw game! It was amazing.', 'author': 'Eve', 'timestamp': '2025-09-25 21:28:16', 'category': 'gaming', 'sentiment': 0.69, 'keyword_mentioned': 'game', 'message_length': 32}
2025-09-25 21:28:28 | INFO | db_path=WindowsPath('C:/Users/USER/Documents/44671/buzzline-05-dowdle/data/buzz.sqlite')
2025-09-25 21:28:28 | INFO | Inserted one message into the database.
2025-09-25 21:28:28 | INFO | Processed message: {'message': 'I just shared a story! It was exciting.', 'author': 'Eve', 'timestamp': '2025-09-25 21:28:21', 'category': 'other', 'sentiment': 0.04, 'keyword_mentioned': 'other', 'message_length': 39}
2025-09-25 21:28:28 | INFO | Calling SQLite insert_message() with:
2025-09-25 21:28:28 | INFO | message={'message': 'I just shared a story! It was exciting.', 'author': 'Eve', 'timestamp': '2025-09-25 21:28:21', 'category': 'other', 'sentiment': 0.04, 'keyword_mentioned': 'other', 'message_length': 39}
2025-09-25 21:28:28 | INFO | db_path=WindowsPath('C:/Users/USER/Documents/44671/buzzline-05-dowdle/data/buzz.sqlite')
2025-09-25 21:28:28 | INFO | Inserted one message into the database.
2025-09-25 21:28:28 | INFO | Processed message: {'message': 'I just tried an app! It was boring.', 'author': 'Eve', 'timestamp': '2025-09-25 21:28:26', 'category': 'other', 'sentiment': 0.61, 'keyword_mentioned': 'other', 'message_length': 35}
2025-09-25 21:28:28 | INFO | Calling SQLite insert_message() with:
2025-09-25 21:28:28 | INFO | message={'message': 'I just tried an app! It was boring.', 'author': 'Eve', 'timestamp': '2025-09-25 21:28:26', 'category': 'other', 'sentiment': 0.61, 'keyword_mentioned': 'other', 'message_length': 35}
2025-09-25 21:28:28 | INFO | db_path=WindowsPath('C:/Users/USER/Documents/44671/buzzline-05-dowdle/data/buzz.sqlite')
2025-09-25 21:28:28 | INFO | Inserted one message into the database.
2025-09-25 21:28:28 | INFO | TRY/FINALLY: Consumer shutting down.
2025-09-25 21:28:31 | INFO | {'message': 'I just loved JavaScript! It was amazing.', 'author': 'Alice', 'timestamp': '2025-09-25 21:28:31', 'category': 'tech', 'sentiment': 0.09, 'keyword_mentioned': 'JavaScript', 'message_length': 40}
2025-09-25 21:28:36 | INFO | {'message': 'I just found JavaScript! It was weird.', 'author': 'Charlie', 'timestamp': '2025-09-25 21:28:36', 'category': 'tech', 'sentiment': 0.75, 'keyword_mentioned': 'JavaScript', 'message_length': 38}
2025-09-25 21:28:41 | INFO | {'message': 'I just tried game! It was exciting.', 'author': 'Bob', 'timestamp': '2025-09-25 21:28:41', 'category': 'gaming', 'sentiment': 0.31, 'keyword_mentioned': 'game', 'message_length': 35}
2025-09-25 21:28:46 | INFO | {'message': 'I just shared travel! It was amazing.', 'author': 'Alice', 'timestamp': '2025-09-25 21:28:46', 'category': 'travel', 'sentiment': 0.91, 'keyword_mentioned': 'travel', 'message_length': 37}
2025-09-25 21:28:51 | INFO | {'message': 'I just loved a movie! It was funny.', 'author': 'Alice', 'timestamp': '2025-09-25 21:28:51', 'category': 'entertainment', 'sentiment': 0.69, 'keyword_mentioned': 'movie', 'message_length': 35}
2025-09-25 21:28:57 | INFO | {'message': 'I just tried recipe! It was amazing.', 'author': 'Bob', 'timestamp': '2025-09-25 21:28:57', 'category': 'food', 'sentiment': 0.18, 'keyword_mentioned': 'recipe', 'message_length': 36}
2025-09-25 21:29:02 | INFO | {'message': 'I just saw a story! It was boring.', 'author': 'Eve', 'timestamp': '2025-09-25 21:29:02', 'category': 'other', 'sentiment': 0.91, 'keyword_mentioned': 'other', 'message_length': 34}
2025-09-25 21:29:07 | INFO | {'message': 'I just saw a story! It was funny.', 'author': 'Alice', 'timestamp': '2025-09-25 21:29:07', 'category': 'other', 'sentiment': 0.18, 'keyword_mentioned': 'other', 'message_length': 33}
2025-09-25 21:29:12 | INFO | {'message': 'I just tried a story! It was exciting.', 'author': 'Alice', 'timestamp': '2025-09-25 21:29:12', 'category': 'other', 'sentiment': 0.95, 'keyword_mentioned': 'other', 'message_length': 38}
2025-09-25 21:29:17 | INFO | {'message': 'I just tried game! It was weird.', 'author': 'Alice', 'timestamp': '2025-09-25 21:29:17', 'category': 'gaming', 'sentiment': 0.03, 'keyword_mentioned': 'game', 'message_length': 32}
2025-09-25 21:29:22 | INFO | {'message': 'I just saw a trick! It was exciting.', 'author': 'Bob', 'timestamp': '2025-09-25 21:29:22', 'category': 'other', 'sentiment': 0.56, 'keyword_mentioned': 'other', 'message_length': 36}
2025-09-25 21:29:27 | INFO | {'message': 'I just tried game! It was amazing.', 'author': 'Bob', 'timestamp': '2025-09-25 21:29:27', 'category': 'gaming', 'sentiment': 0.45, 'keyword_mentioned': 'game', 'message_length': 34}
2025-09-25 21:29:32 | INFO | {'message': 'I just saw a movie! It was boring.', 'author': 'Charlie', 'timestamp': '2025-09-25 21:29:32', 'category': 'entertainment', 'sentiment': 0.69, 'keyword_mentioned': 'movie', 'message_length': 34}
2025-09-25 21:29:37 | INFO | {'message': 'I just found a story! It was funny.', 'author': 'Charlie', 'timestamp': '2025-09-25 21:29:37', 'category': 'other', 'sentiment': 0.8, 'keyword_mentioned': 'other', 'message_length': 35}
2025-09-25 21:29:42 | INFO | {'message': 'I just found recipe! It was boring.', 'author': 'Charlie', 'timestamp': '2025-09-25 21:29:42', 'category': 'food', 'sentiment': 0.94, 'keyword_mentioned': 'recipe', 'message_length': 35}
2025-09-25 21:29:47 | INFO | {'message': 'I just loved a movie! It was boring.', 'author': 'Charlie', 'timestamp': '2025-09-25 21:29:47', 'category': 'entertainment', 'sentiment': 0.18, 'keyword_mentioned': 'movie', 'message_length': 36}
2025-09-25 21:29:52 | INFO | {'message': 'I just found an app! It was weird.', 'author': 'Charlie', 'timestamp': '2025-09-25 21:29:52', 'category': 'other', 'sentiment': 0.72, 'keyword_mentioned': 'other', 'message_length': 34}
2025-09-25 21:29:57 | INFO | {'message': 'I just tried recipe! It was funny.', 'author': 'Alice', 'timestamp': '2025-09-25 21:29:57', 'category': 'food', 'sentiment': 0.05, 'keyword_mentioned': 'recipe', 'message_length': 34}
2025-09-25 21:30:02 | INFO | {'message': 'I just tried a trick! It was funny.', 'author': 'Bob', 'timestamp': '2025-09-25 21:30:02', 'category': 'other', 'sentiment': 0.12, 'keyword_mentioned': 'other', 'message_length': 35}
2025-09-25 21:30:07 | INFO | {'message': 'I just loved a movie! It was amazing.', 'author': 'Eve', 'timestamp': '2025-09-25 21:30:07', 'category': 'entertainment', 'sentiment': 0.46, 'keyword_mentioned': 'movie', 'message_length': 37}
2025-09-25 21:30:12 | INFO | {'message': 'I just saw JavaScript! It was exciting.', 'author': 'Alice', 'timestamp': '2025-09-25 21:30:12', 'category': 'tech', 'sentiment': 0.8, 'keyword_mentioned': 'JavaScript', 'message_length': 39}
2025-09-25 21:30:17 | INFO | {'message': 'I just loved JavaScript! It was weird.', 'author': 'Charlie', 'timestamp': '2025-09-25 21:30:17', 'category': 'tech', 'sentiment': 0.64, 'keyword_mentioned': 'JavaScript', 'message_length': 38}
2025-09-25 21:30:22 | INFO | {'message': 'I just found a meme! It was boring.', 'author': 'Alice', 'timestamp': '2025-09-25 21:30:22', 'category': 'humor', 'sentiment': 0.16, 'keyword_mentioned': 'meme', 'message_length': 35}
2025-09-25 21:30:27 | INFO | {'message': 'I just shared a trick! It was funny.', 'author': 'Eve', 'timestamp': '2025-09-25 21:30:27', 'category': 'other', 'sentiment': 0.37, 'keyword_mentioned': 'other', 'message_length': 36}
2025-09-25 21:30:32 | INFO | {'message': 'I just found a meme! It was amazing.', 'author': 'Alice', 'timestamp': '2025-09-25 21:30:32', 'category': 'humor', 'sentiment': 0.53, 'keyword_mentioned': 'meme', 'message_length': 36}
2025-09-25 21:30:37 | INFO | {'message': 'I just found a movie! It was exciting.', 'author': 'Bob', 'timestamp': '2025-09-25 21:30:37', 'category': 'entertainment', 'sentiment': 0.61, 'keyword_mentioned': 'movie', 'message_length': 38}
2025-09-25 21:30:42 | INFO | {'message': 'I just saw travel! It was amazing.', 'author': 'Charlie', 'timestamp': '2025-09-25 21:30:42', 'category': 'travel', 'sentiment': 0.38, 'keyword_mentioned': 'travel', 'message_length': 34}
2025-09-25 21:30:45 | WARNING | Producer interrupted by user.
2025-09-25 21:30:45 | INFO | Producer shutting down.
2025-09-26 16:53:08 | INFO | Logging to file: logs/project_log.log
2025-09-26 16:53:08 | INFO | Log sanitization enabled, personal info removed
2025-09-26 16:53:10 | INFO | Starting Producer to run continuously.
2025-09-26 16:53:10 | INFO | Use Ctrl+C to stop.
2025-09-26 16:53:10 | INFO | MESSAGE_INTERVAL_SECONDS: 5
2025-09-26 16:53:10 | INFO | BUZZ_TOPIC: buzzline
2025-09-26 16:53:10 | INFO | KAFKA_BROKER_ADDRESS: 127.0.0.1:9092
2025-09-26 16:53:10 | INFO | BASE_DATA_DIR: C:/Users/USER/Documents/44671/buzzline-05-dowdle/data
2025-09-26 16:53:10 | INFO | LIVE_DATA_PATH: C:/Users/USER/Documents/44671/buzzline-05-dowdle/data/project_live.json
2025-09-26 16:53:10 | INFO | BASE_DATA_DIR: C:/Users/USER/Documents/44671/buzzline-05-dowdle/data
2025-09-26 16:53:10 | INFO | SQLITE_PATH: C:/Users/USER/Documents/44671/buzzline-05-dowdle/data/buzz.sqlite
2025-09-26 16:53:10 | INFO | Deleted existing live data file.
2025-09-26 16:53:10 | INFO | Kafka broker address: localhost:9092
2025-09-26 16:53:10 | INFO | Kafka is ready. Brokers: {'throttle_time_ms': 0, 'brokers': [{'node_id': 1, 'host': 'localhost', 'port': 9092, 'rack': None}], 'cluster_id': 'N6hvXfg2QL-uPxvF0foOZQ', 'controller_id': 1}
2025-09-26 16:53:13 | WARNING | WARNING: Kafka setup failed: NoBrokersAvailable
2025-09-26 16:53:13 | INFO | {'message': 'I just shared a trick! It was weird.', 'author': 'Alice', 'timestamp': '2025-09-26 16:53:13', 'category': 'other', 'sentiment': 0.03, 'keyword_mentioned': 'other', 'message_length': 36}
2025-09-26 16:53:18 | INFO | {'message': 'I just found recipe! It was amazing.', 'author': 'Eve', 'timestamp': '2025-09-26 16:53:18', 'category': 'food', 'sentiment': 0.24, 'keyword_mentioned': 'recipe', 'message_length': 36}
2025-09-26 16:53:23 | INFO | {'message': 'I just loved a story! It was boring.', 'author': 'Bob', 'timestamp': '2025-09-26 16:53:23', 'category': 'other', 'sentiment': 0.87, 'keyword_mentioned': 'other', 'message_length': 36}
2025-09-26 16:53:28 | INFO | {'message': 'I just loved a story! It was weird.', 'author': 'Alice', 'timestamp': '2025-09-26 16:53:28', 'category': 'other', 'sentiment': 0.86, 'keyword_mentioned': 'other', 'message_length': 35}
2025-09-26 16:53:33 | INFO | {'message': 'I just found JavaScript! It was amazing.', 'author': 'Charlie', 'timestamp': '2025-09-26 16:53:33', 'category': 'tech', 'sentiment': 0.87, 'keyword_mentioned': 'JavaScript', 'message_length': 40}
2025-09-26 16:53:33 | INFO | Logging to file: logs/project_log.log
2025-09-26 16:53:33 | INFO | Log sanitization enabled, personal info removed
2025-09-26 16:53:38 | INFO | {'message': 'I just found JavaScript! It was boring.', 'author': 'Charlie', 'timestamp': '2025-09-26 16:53:38', 'category': 'tech', 'sentiment': 0.14, 'keyword_mentioned': 'JavaScript', 'message_length': 39}
2025-09-26 16:53:41 | WARNING | Producer interrupted by user.
2025-09-26 16:53:41 | INFO | Producer shutting down.
2025-09-26 17:05:33 | INFO | Logging to file: logs/project_log.log
2025-09-26 17:05:33 | INFO | Log sanitization enabled, personal info removed
2025-09-26 17:05:33 | INFO | Starting Producer to run continuously.
2025-09-26 17:05:33 | INFO | Use Ctrl+C to stop.
2025-09-26 17:05:33 | INFO | MESSAGE_INTERVAL_SECONDS: 5
2025-09-26 17:05:33 | INFO | BUZZ_TOPIC: buzzline
2025-09-26 17:05:33 | INFO | KAFKA_BROKER_ADDRESS: 127.0.0.1:9092
2025-09-26 17:05:33 | INFO | BASE_DATA_DIR: C:/Users/USER/Documents/44671/buzzline-05-dowdle/data
2025-09-26 17:05:33 | INFO | LIVE_DATA_PATH: C:/Users/USER/Documents/44671/buzzline-05-dowdle/data/project_live.json
2025-09-26 17:05:33 | INFO | BASE_DATA_DIR: C:/Users/USER/Documents/44671/buzzline-05-dowdle/data
2025-09-26 17:05:33 | INFO | SQLITE_PATH: C:/Users/USER/Documents/44671/buzzline-05-dowdle/data/buzz.sqlite
2025-09-26 17:05:33 | INFO | Deleted existing live data file.
2025-09-26 17:05:33 | INFO | Kafka broker address: localhost:9092
2025-09-26 17:05:34 | INFO | Kafka is ready. Brokers: {'throttle_time_ms': 0, 'brokers': [{'node_id': 1, 'host': 'localhost', 'port': 9092, 'rack': None}], 'cluster_id': 'N6hvXfg2QL-uPxvF0foOZQ', 'controller_id': 1}
2025-09-26 17:05:36 | WARNING | WARNING: Kafka setup failed: NoBrokersAvailable
2025-09-26 17:05:36 | INFO | {'message': 'I just found recipe! It was boring.', 'author': 'Eve', 'timestamp': '2025-09-26 17:05:36', 'category': 'food', 'sentiment': 0.7, 'keyword_mentioned': 'recipe', 'message_length': 35}
2025-09-26 17:05:41 | INFO | {'message': 'I just tried a story! It was weird.', 'author': 'Charlie', 'timestamp': '2025-09-26 17:05:41', 'category': 'other', 'sentiment': 0.73, 'keyword_mentioned': 'other', 'message_length': 35}
2025-09-26 17:05:46 | INFO | {'message': 'I just tried a story! It was weird.', 'author': 'Eve', 'timestamp': '2025-09-26 17:05:46', 'category': 'other', 'sentiment': 0.73, 'keyword_mentioned': 'other', 'message_length': 35}
2025-09-26 17:05:49 | INFO | Logging to file: logs/project_log.log
2025-09-26 17:05:49 | INFO | Log sanitization enabled, personal info removed
2025-09-26 17:05:49 | INFO | Starting Consumer to run continuously.
2025-09-26 17:05:49 | INFO | Things can fail or get interrupted, so use a try block.
2025-09-26 17:05:49 | INFO | Moved .env variables into a utils config module.
2025-09-26 17:05:49 | INFO | STEP 1. Read environment variables using new config functions.
2025-09-26 17:05:49 | INFO | BUZZ_TOPIC: buzzline
2025-09-26 17:05:49 | INFO | KAFKA_BROKER_ADDRESS: 127.0.0.1:9092
2025-09-26 17:05:49 | INFO | BUZZ_CONSUMER_GROUP_ID: buzz_group
2025-09-26 17:05:49 | INFO | MESSAGE_INTERVAL_SECONDS: 5
2025-09-26 17:05:49 | INFO | BASE_DATA_DIR: C:/Users/USER/Documents/44671/buzzline-05-dowdle/data
2025-09-26 17:05:49 | INFO | SQLITE_PATH: C:/Users/USER/Documents/44671/buzzline-05-dowdle/data/buzz.sqlite
2025-09-26 17:05:49 | INFO | SUCCESS: Read environment variables.
2025-09-26 17:05:49 | INFO | STEP 2. Delete any prior database file for a fresh start.
2025-09-26 17:05:49 | INFO | SUCCESS: Deleted database file.
2025-09-26 17:05:49 | INFO | STEP 3. Initialize a new database with an empty table.
2025-09-26 17:05:49 | INFO | Calling SQLite init_db() with {db_path=}.
2025-09-26 17:05:49 | INFO | SUCCESS: Got a cursor to execute SQL.
2025-09-26 17:05:49 | INFO | SUCCESS: Database initialized and table ready at C:/Users/USER/Documents/44671/buzzline-05-dowdle/data/buzz.sqlite.
2025-09-26 17:05:49 | INFO | STEP 4. Begin consuming and storing messages.
2025-09-26 17:05:49 | INFO | Called consume_messages_from_kafka() with:
2025-09-26 17:05:49 | INFO |    topic='buzzline'
2025-09-26 17:05:49 | INFO |    kafka_url='127.0.0.1:9092'
2025-09-26 17:05:49 | INFO |    group='buzz_group'
2025-09-26 17:05:49 | INFO |    sql_path=WindowsPath('C:/Users/USER/Documents/44671/buzzline-05-dowdle/data/buzz.sqlite')
2025-09-26 17:05:49 | INFO |    interval_secs=5
2025-09-26 17:05:49 | INFO | Step 1. Verify Kafka Services.
2025-09-26 17:05:49 | INFO | Kafka broker address: localhost:9092
2025-09-26 17:05:49 | INFO | Kafka is ready. Brokers: {'throttle_time_ms': 0, 'brokers': [{'node_id': 1, 'host': 'localhost', 'port': 9092, 'rack': None}], 'cluster_id': 'N6hvXfg2QL-uPxvF0foOZQ', 'controller_id': 1}
2025-09-26 17:05:49 | INFO | Step 2. Create a Kafka consumer.
2025-09-26 17:05:49 | INFO | Kafka broker address: localhost:9092
2025-09-26 17:05:49 | INFO | Creating Kafka consumer. Topic='buzzline' and group ID='buzz_group'.
2025-09-26 17:05:50 | INFO | Kafka consumer created successfully.
2025-09-26 17:05:50 | INFO | Step 3. Verify topic exists.
2025-09-26 17:05:50 | INFO | Kafka broker address: localhost:9092
2025-09-26 17:05:50 | INFO | Topic 'buzzline' created successfully.
2025-09-26 17:05:50 | INFO | Verified topic 'buzzline' is available.
2025-09-26 17:05:50 | INFO | Kafka topic 'buzzline' is ready.
2025-09-26 17:05:50 | INFO | Step 4. Process messages.
2025-09-26 17:05:50 | ERROR | ERROR: Could not consume messages from Kafka: Invalid file descriptor: -1
2025-09-26 17:05:50 | ERROR | Unexpected error: Invalid file descriptor: -1
2025-09-26 17:05:50 | INFO | Consumer shutting down.
2025-09-26 17:05:51 | INFO | {'message': 'I just found Python! It was amazing.', 'author': 'Bob', 'timestamp': '2025-09-26 17:05:51', 'category': 'tech', 'sentiment': 0.19, 'keyword_mentioned': 'Python', 'message_length': 36}
2025-09-26 17:05:56 | INFO | {'message': 'I just shared a meme! It was amazing.', 'author': 'Charlie', 'timestamp': '2025-09-26 17:05:56', 'category': 'humor', 'sentiment': 0.8, 'keyword_mentioned': 'meme', 'message_length': 37}
2025-09-26 17:05:58 | WARNING | Producer interrupted by user.
2025-09-26 17:05:58 | INFO | Producer shutting down.
2025-09-26 17:08:14 | INFO | Logging to file: logs/project_log.log
2025-09-26 17:08:14 | INFO | Log sanitization enabled, personal info removed
2025-09-26 17:08:14 | INFO | Starting Producer to run continuously.
2025-09-26 17:08:14 | INFO | Use Ctrl+C to stop.
2025-09-26 17:08:14 | INFO | MESSAGE_INTERVAL_SECONDS: 5
2025-09-26 17:08:14 | INFO | BUZZ_TOPIC: buzzline
2025-09-26 17:08:14 | INFO | KAFKA_BROKER_ADDRESS: 127.0.0.1:9092
2025-09-26 17:08:14 | INFO | BASE_DATA_DIR: C:/Users/USER/Documents/44671/buzzline-05-dowdle/data
2025-09-26 17:08:14 | INFO | LIVE_DATA_PATH: C:/Users/USER/Documents/44671/buzzline-05-dowdle/data/project_live.json
2025-09-26 17:08:14 | INFO | BASE_DATA_DIR: C:/Users/USER/Documents/44671/buzzline-05-dowdle/data
2025-09-26 17:08:14 | INFO | SQLITE_PATH: C:/Users/USER/Documents/44671/buzzline-05-dowdle/data/buzz.sqlite
2025-09-26 17:08:14 | INFO | Deleted existing live data file.
2025-09-26 17:08:14 | INFO | Kafka broker address: localhost:9092
2025-09-26 17:08:15 | INFO | Kafka is ready. Brokers: {'throttle_time_ms': 0, 'brokers': [{'node_id': 1, 'host': 'localhost', 'port': 9092, 'rack': None}], 'cluster_id': 'N6hvXfg2QL-uPxvF0foOZQ', 'controller_id': 1}
2025-09-26 17:08:17 | WARNING | WARNING: Kafka setup failed: NoBrokersAvailable
