2025-09-26 17:08:17 | INFO | {'message': 'I just loved a meme! It was exciting.', 'author': 'Charlie', 'timestamp': '2025-09-26 17:08:17', 'category': 'humor', 'sentiment': 0.38, 'keyword_mentioned': 'meme', 'message_length': 37}
2025-09-26 17:08:22 | INFO | {'message': 'I just saw travel! It was weird.', 'author': 'Charlie', 'timestamp': '2025-09-26 17:08:22', 'category': 'travel', 'sentiment': 0.31, 'keyword_mentioned': 'travel', 'message_length': 32}
2025-09-26 17:08:27 | INFO | {'message': 'I just loved a trick! It was weird.', 'author': 'Alice', 'timestamp': '2025-09-26 17:08:27', 'category': 'other', 'sentiment': 0.72, 'keyword_mentioned': 'other', 'message_length': 35}
2025-09-26 17:08:32 | INFO | {'message': 'I just loved recipe! It was weird.', 'author': 'Charlie', 'timestamp': '2025-09-26 17:08:32', 'category': 'food', 'sentiment': 0.09, 'keyword_mentioned': 'recipe', 'message_length': 34}
2025-09-26 17:08:37 | INFO | {'message': 'I just shared a trick! It was exciting.', 'author': 'Eve', 'timestamp': '2025-09-26 17:08:37', 'category': 'other', 'sentiment': 0.19, 'keyword_mentioned': 'other', 'message_length': 39}
2025-09-26 17:08:39 | WARNING | Producer interrupted by user.
2025-09-26 17:08:39 | INFO | Producer shutting down.
2025-09-26 17:14:21 | INFO | Logging to file: logs/project_log.log
2025-09-26 17:14:21 | INFO | Log sanitization enabled, personal info removed
2025-09-26 17:14:21 | INFO | Starting Producer to run continuously.
2025-09-26 17:14:21 | INFO | Use Ctrl+C to stop.
2025-09-26 17:14:21 | INFO | MESSAGE_INTERVAL_SECONDS: 5
2025-09-26 17:14:21 | INFO | BUZZ_TOPIC: buzzline
2025-09-26 17:14:21 | INFO | KAFKA_BROKER_ADDRESS: 127.0.0.1:9092
2025-09-26 17:14:21 | INFO | BASE_DATA_DIR: C:/Users/USER/Documents/44671/buzzline-05-dowdle/data
2025-09-26 17:14:21 | INFO | LIVE_DATA_PATH: C:/Users/USER/Documents/44671/buzzline-05-dowdle/data/project_live.json
2025-09-26 17:14:21 | INFO | BASE_DATA_DIR: C:/Users/USER/Documents/44671/buzzline-05-dowdle/data
2025-09-26 17:14:21 | INFO | SQLITE_PATH: C:/Users/USER/Documents/44671/buzzline-05-dowdle/data/buzz.sqlite
2025-09-26 17:14:21 | INFO | Deleted existing live data file.
2025-09-26 17:14:21 | INFO | Kafka broker address: localhost:9092
2025-09-26 17:14:22 | INFO | Kafka is ready. Brokers: {'throttle_time_ms': 0, 'brokers': [{'node_id': 1, 'host': 'localhost', 'port': 9092, 'rack': None}], 'cluster_id': 'N6hvXfg2QL-uPxvF0foOZQ', 'controller_id': 1}
2025-09-26 17:14:24 | WARNING | WARNING: Kafka setup failed: NoBrokersAvailable
2025-09-26 17:14:24 | INFO | {'message': 'I just shared a trick! It was exciting.', 'author': 'Bob', 'timestamp': '2025-09-26 17:14:24', 'category': 'other', 'sentiment': 0.14, 'keyword_mentioned': 'other', 'message_length': 39}
2025-09-26 17:14:27 | WARNING | Producer interrupted by user.
2025-09-26 17:14:27 | INFO | Producer shutting down.
2025-09-26 17:18:47 | INFO | Logging to file: logs/project_log.log
2025-09-26 17:18:47 | INFO | Log sanitization enabled, personal info removed
2025-09-26 17:18:48 | INFO | Starting Producer to run continuously.
2025-09-26 17:18:48 | INFO | Use Ctrl+C to stop.
2025-09-26 17:18:48 | INFO | MESSAGE_INTERVAL_SECONDS: 5
2025-09-26 17:18:48 | INFO | BUZZ_TOPIC: buzzline
2025-09-26 17:18:48 | INFO | KAFKA_BROKER_ADDRESS: 127.0.0.1:9092
2025-09-26 17:18:48 | INFO | BASE_DATA_DIR: C:/Users/USER/Documents/44671/buzzline-05-dowdle/data
2025-09-26 17:18:48 | INFO | LIVE_DATA_PATH: C:/Users/USER/Documents/44671/buzzline-05-dowdle/data/project_live.json
2025-09-26 17:18:48 | INFO | BASE_DATA_DIR: C:/Users/USER/Documents/44671/buzzline-05-dowdle/data
2025-09-26 17:18:48 | INFO | SQLITE_PATH: C:/Users/USER/Documents/44671/buzzline-05-dowdle/data/buzz.sqlite
2025-09-26 17:18:48 | INFO | Deleted existing live data file.
2025-09-26 17:18:48 | INFO | Kafka broker address: localhost:9092
2025-09-26 17:18:48 | INFO | Kafka is ready. Brokers: {'throttle_time_ms': 0, 'brokers': [{'node_id': 1, 'host': 'localhost', 'port': 9092, 'rack': None}], 'cluster_id': 'N6hvXfg2QL-uPxvF0foOZQ', 'controller_id': 1}
2025-09-26 17:18:50 | WARNING | WARNING: Kafka setup failed: NoBrokersAvailable
2025-09-26 17:18:50 | INFO | {'message': 'I just found game! It was boring.', 'author': 'Charlie', 'timestamp': '2025-09-26 17:18:50', 'category': 'gaming', 'sentiment': 0.09, 'keyword_mentioned': 'game', 'message_length': 33}
2025-09-26 17:18:55 | INFO | {'message': 'I just found travel! It was amazing.', 'author': 'Bob', 'timestamp': '2025-09-26 17:18:55', 'category': 'travel', 'sentiment': 0.15, 'keyword_mentioned': 'travel', 'message_length': 36}
2025-09-26 17:19:00 | INFO | {'message': 'I just tried an app! It was weird.', 'author': 'Alice', 'timestamp': '2025-09-26 17:19:00', 'category': 'other', 'sentiment': 0.35, 'keyword_mentioned': 'other', 'message_length': 34}
2025-09-26 17:19:05 | INFO | {'message': 'I just loved Python! It was boring.', 'author': 'Eve', 'timestamp': '2025-09-26 17:19:05', 'category': 'tech', 'sentiment': 0.2, 'keyword_mentioned': 'Python', 'message_length': 35}
2025-09-26 17:19:09 | INFO | Logging to file: logs/project_log.log
2025-09-26 17:19:09 | INFO | Log sanitization enabled, personal info removed
2025-09-26 17:19:09 | INFO | Starting Consumer to run continuously.
2025-09-26 17:19:09 | INFO | Things can fail or get interrupted, so use a try block.
2025-09-26 17:19:09 | INFO | Moved .env variables into a utils config module.
2025-09-26 17:19:09 | INFO | STEP 1. Read environment variables using new config functions.
2025-09-26 17:19:09 | INFO | BUZZ_TOPIC: buzzline
2025-09-26 17:19:09 | INFO | KAFKA_BROKER_ADDRESS: 127.0.0.1:9092
2025-09-26 17:19:09 | INFO | BUZZ_CONSUMER_GROUP_ID: buzz_group
2025-09-26 17:19:09 | INFO | MESSAGE_INTERVAL_SECONDS: 5
2025-09-26 17:19:09 | INFO | BASE_DATA_DIR: C:/Users/USER/Documents/44671/buzzline-05-dowdle/data
2025-09-26 17:19:09 | INFO | SQLITE_PATH: C:/Users/USER/Documents/44671/buzzline-05-dowdle/data/buzz.sqlite
2025-09-26 17:19:09 | INFO | SUCCESS: Read environment variables.
2025-09-26 17:19:09 | INFO | STEP 2. Delete any prior database file for a fresh start.
2025-09-26 17:19:09 | INFO | SUCCESS: Deleted database file.
2025-09-26 17:19:09 | INFO | STEP 3. Initialize a new database with an empty table.
2025-09-26 17:19:09 | INFO | Calling SQLite init_db() with {db_path=}.
2025-09-26 17:19:09 | INFO | SUCCESS: Got a cursor to execute SQL.
2025-09-26 17:19:09 | INFO | SUCCESS: Database initialized and table ready at C:/Users/USER/Documents/44671/buzzline-05-dowdle/data/buzz.sqlite.
2025-09-26 17:19:09 | INFO | STEP 4. Begin consuming and storing messages.
2025-09-26 17:19:09 | INFO | Called consume_messages_from_kafka() with:
2025-09-26 17:19:09 | INFO |    topic='buzzline'
2025-09-26 17:19:09 | INFO |    kafka_url='127.0.0.1:9092'
2025-09-26 17:19:09 | INFO |    group='buzz_group'
2025-09-26 17:19:09 | INFO |    sql_path=WindowsPath('C:/Users/USER/Documents/44671/buzzline-05-dowdle/data/buzz.sqlite')
2025-09-26 17:19:09 | INFO |    interval_secs=5
2025-09-26 17:19:09 | INFO | Step 1. Verify Kafka Services.
2025-09-26 17:19:09 | INFO | Kafka broker address: localhost:9092
2025-09-26 17:19:10 | INFO | Kafka is ready. Brokers: {'throttle_time_ms': 0, 'brokers': [{'node_id': 1, 'host': 'localhost', 'port': 9092, 'rack': None}], 'cluster_id': 'N6hvXfg2QL-uPxvF0foOZQ', 'controller_id': 1}
2025-09-26 17:19:10 | INFO | Step 2. Create a Kafka consumer.
2025-09-26 17:19:10 | INFO | Kafka broker address: localhost:9092
2025-09-26 17:19:10 | INFO | Creating Kafka consumer. Topic='buzzline' and group ID='buzz_group'.
2025-09-26 17:19:10 | INFO | Kafka consumer created successfully.
2025-09-26 17:19:10 | INFO | Step 3. Verify topic exists.
2025-09-26 17:19:10 | INFO | Kafka broker address: localhost:9092
2025-09-26 17:19:10 | INFO | Topic 'buzzline' already exists. Recreating fresh...
2025-09-26 17:19:10 | INFO | {'message': 'I just shared a meme! It was exciting.', 'author': 'Bob', 'timestamp': '2025-09-26 17:19:10', 'category': 'humor', 'sentiment': 0.19, 'keyword_mentioned': 'meme', 'message_length': 38}
2025-09-26 17:19:11 | INFO | Requested deletion of topic 'buzzline'.
2025-09-26 17:19:11 | INFO | Topic 'buzzline' created successfully.
2025-09-26 17:19:11 | INFO | Verified topic 'buzzline' is available.
2025-09-26 17:19:11 | INFO | Kafka topic 'buzzline' is ready.
2025-09-26 17:19:11 | INFO | Step 4. Process messages.
2025-09-26 17:19:15 | INFO | {'message': 'I just saw a meme! It was boring.', 'author': 'Bob', 'timestamp': '2025-09-26 17:19:15', 'category': 'humor', 'sentiment': 0.29, 'keyword_mentioned': 'meme', 'message_length': 33}
2025-09-26 17:19:20 | INFO | {'message': 'I just saw a movie! It was amazing.', 'author': 'Charlie', 'timestamp': '2025-09-26 17:19:20', 'category': 'entertainment', 'sentiment': 0.58, 'keyword_mentioned': 'movie', 'message_length': 35}
2025-09-26 17:19:25 | INFO | {'message': 'I just saw a meme! It was exciting.', 'author': 'Charlie', 'timestamp': '2025-09-26 17:19:25', 'category': 'humor', 'sentiment': 0.69, 'keyword_mentioned': 'meme', 'message_length': 35}
2025-09-26 17:19:30 | INFO | {'message': 'I just found game! It was boring.', 'author': 'Bob', 'timestamp': '2025-09-26 17:19:30', 'category': 'gaming', 'sentiment': 0.01, 'keyword_mentioned': 'game', 'message_length': 33}
2025-09-26 17:19:35 | INFO | {'message': 'I just saw game! It was weird.', 'author': 'Charlie', 'timestamp': '2025-09-26 17:19:35', 'category': 'gaming', 'sentiment': 0.68, 'keyword_mentioned': 'game', 'message_length': 30}
2025-09-26 17:19:40 | INFO | {'message': 'I just shared a story! It was weird.', 'author': 'Charlie', 'timestamp': '2025-09-26 17:19:40', 'category': 'other', 'sentiment': 0.75, 'keyword_mentioned': 'other', 'message_length': 36}
2025-09-26 17:19:45 | INFO | {'message': 'I just saw a movie! It was amazing.', 'author': 'Bob', 'timestamp': '2025-09-26 17:19:45', 'category': 'entertainment', 'sentiment': 0.12, 'keyword_mentioned': 'movie', 'message_length': 35}
2025-09-26 17:19:50 | INFO | {'message': 'I just shared Python! It was boring.', 'author': 'Bob', 'timestamp': '2025-09-26 17:19:50', 'category': 'tech', 'sentiment': 0.19, 'keyword_mentioned': 'Python', 'message_length': 36}
2025-09-26 17:19:55 | INFO | {'message': 'I just shared a meme! It was weird.', 'author': 'Bob', 'timestamp': '2025-09-26 17:19:55', 'category': 'humor', 'sentiment': 0.11, 'keyword_mentioned': 'meme', 'message_length': 35}
2025-09-26 17:20:00 | INFO | {'message': 'I just tried a meme! It was boring.', 'author': 'Bob', 'timestamp': '2025-09-26 17:20:00', 'category': 'humor', 'sentiment': 0.75, 'keyword_mentioned': 'meme', 'message_length': 35}
2025-09-26 17:20:05 | INFO | {'message': 'I just found an app! It was exciting.', 'author': 'Alice', 'timestamp': '2025-09-26 17:20:05', 'category': 'other', 'sentiment': 0.84, 'keyword_mentioned': 'other', 'message_length': 37}
2025-09-26 17:20:10 | INFO | {'message': 'I just found a meme! It was weird.', 'author': 'Charlie', 'timestamp': '2025-09-26 17:20:10', 'category': 'humor', 'sentiment': 0.37, 'keyword_mentioned': 'meme', 'message_length': 34}
2025-09-26 17:20:15 | INFO | {'message': 'I just tried game! It was weird.', 'author': 'Bob', 'timestamp': '2025-09-26 17:20:15', 'category': 'gaming', 'sentiment': 0.97, 'keyword_mentioned': 'game', 'message_length': 32}
2025-09-26 17:20:20 | INFO | {'message': 'I just tried JavaScript! It was weird.', 'author': 'Alice', 'timestamp': '2025-09-26 17:20:20', 'category': 'tech', 'sentiment': 0.84, 'keyword_mentioned': 'JavaScript', 'message_length': 38}
2025-09-26 17:20:25 | INFO | {'message': 'I just saw a meme! It was boring.', 'author': 'Eve', 'timestamp': '2025-09-26 17:20:25', 'category': 'humor', 'sentiment': 0.0, 'keyword_mentioned': 'meme', 'message_length': 33}
2025-09-26 17:20:30 | INFO | {'message': 'I just shared a meme! It was weird.', 'author': 'Bob', 'timestamp': '2025-09-26 17:20:30', 'category': 'humor', 'sentiment': 0.95, 'keyword_mentioned': 'meme', 'message_length': 35}
2025-09-26 17:20:35 | INFO | {'message': 'I just tried recipe! It was funny.', 'author': 'Charlie', 'timestamp': '2025-09-26 17:20:35', 'category': 'food', 'sentiment': 0.83, 'keyword_mentioned': 'recipe', 'message_length': 34}
2025-09-26 17:20:40 | INFO | {'message': 'I just tried an app! It was weird.', 'author': 'Eve', 'timestamp': '2025-09-26 17:20:40', 'category': 'other', 'sentiment': 0.18, 'keyword_mentioned': 'other', 'message_length': 34}
2025-09-26 17:20:45 | INFO | {'message': 'I just tried Python! It was exciting.', 'author': 'Bob', 'timestamp': '2025-09-26 17:20:45', 'category': 'tech', 'sentiment': 0.08, 'keyword_mentioned': 'Python', 'message_length': 37}
2025-09-26 17:20:50 | INFO | {'message': 'I just found a story! It was amazing.', 'author': 'Alice', 'timestamp': '2025-09-26 17:20:50', 'category': 'other', 'sentiment': 0.16, 'keyword_mentioned': 'other', 'message_length': 37}
2025-09-26 17:20:55 | INFO | {'message': 'I just tried a story! It was boring.', 'author': 'Bob', 'timestamp': '2025-09-26 17:20:55', 'category': 'other', 'sentiment': 0.57, 'keyword_mentioned': 'other', 'message_length': 36}
2025-09-26 17:21:00 | INFO | {'message': 'I just loved recipe! It was weird.', 'author': 'Eve', 'timestamp': '2025-09-26 17:21:00', 'category': 'food', 'sentiment': 0.42, 'keyword_mentioned': 'recipe', 'message_length': 34}
2025-09-26 17:21:01 | WARNING | Consumer interrupted by user.
2025-09-26 17:21:01 | INFO | Consumer shutting down.
2025-09-26 17:21:04 | WARNING | Producer interrupted by user.
2025-09-26 17:21:04 | INFO | Producer shutting down.
